<?xml version="1.0" encoding="UTF-8"?>
<testsuite name="com.spscommerce.fixer997.DocumentFixerTest" time="0.165" tests="3" errors="0" skipped="1" failures="0">
  <properties>
[...]
</properties>
  <testcase name="testFileAnalyzer" classname="com.spscommerce.fixer997.DocumentFixerTest" time="0.164"/>
  <testcase name="testFileAnalyzer2" classname="com.spscommerce.fixer997.DocumentFixerTest" time="0.001"/>
  <testcase name="testFileAnalyzerFail" classname="com.spscommerce.fixer997.DocumentFixerTest" time="0">
    <skipped/>
  </testcase>
</testsuite>